<?xml version="1.0" encoding="UTF-8"?>
<!-- Generated by org.testng.reporters.JUnitXMLReporter -->
<testsuite hostname="sureshs-mbp" ignored="3" name="Online Shopping" tests="2" failures="0" timestamp="2020-10-21T20:52:27 IST" time="81.128" errors="0">
  <testcase name="testRegistration" time="15.059" classname="com.selenium.tests.T01_Registration"/>
  <testcase name="testPurchasing" time="50.739" classname="com.selenium.tests.T02_Purchasing"/>
  <testcase name="@AfterTest closeBrowser" time="0.0" classname="com.selenium.setup.DriverSetup">
    <ignored/>
  </testcase> <!-- @AfterTest closeBrowser -->
  <testcase name="@BeforeSuite readExcelFile" time="0.0" classname="com.selenium.setup.DriverSetup">
    <ignored/>
  </testcase> <!-- @BeforeSuite readExcelFile -->
  <testcase name="@BeforeTest fnLaunchBrowser" time="0.0" classname="com.selenium.setup.DriverSetup">
    <ignored/>
  </testcase> <!-- @BeforeTest fnLaunchBrowser -->
</testsuite> <!-- Online Shopping -->
