<?xml version="1.0" encoding="UTF-8"?>
<!-- Generated by org.testng.reporters.JUnitXMLReporter -->
<testsuite hostname="sureshs-mbp" ignored="3" name="Online Shopping" tests="2" failures="0" timestamp="2020-10-15T14:12:24 IST" time="80.64" errors="0">
  <testcase name="testRegistration" time="11.796" classname="com.selenium.tests.Registration"/>
  <testcase name="testPurchasing" time="42.857" classname="com.selenium.tests.Purchasing"/>
  <testcase name="@AfterTest closeBrowser" time="0.0" classname="com.selenium.setup.DriverSetup">
    <ignored/>
  </testcase> <!-- @AfterTest closeBrowser -->
  <testcase name="@BeforeSuite readExcelFile" time="0.0" classname="com.selenium.setup.DriverSetup">
    <ignored/>
  </testcase> <!-- @BeforeSuite readExcelFile -->
  <testcase name="@BeforeTest fnLaunchBrowser" time="0.0" classname="com.selenium.setup.DriverSetup">
    <ignored/>
  </testcase> <!-- @BeforeTest fnLaunchBrowser -->
</testsuite> <!-- Online Shopping -->
